<?xml version="1.0" encoding="UTF-8"?>
<!-- Generated by org.testng.reporters.JUnitReportReporter -->
<testsuite hostname="siri-PC" name="tests.LoginandregisterTest" tests="1" failures="0" timestamp="4 Dec 2015 01:01:29 GMT" time="33.921" errors="0">
  <testcase name="Login" time="33.921" classname="tests.LoginandregisterTest"/>
</testsuite> <!-- tests.LoginandregisterTest -->
