<?xml version="1.0" encoding="UTF-8"?>
<!-- Generated by org.testng.reporters.JUnitReportReporter -->
<testsuite hostname="siri-PC" name="tests.Login" tests="1" failures="0" timestamp="7 Dec 2015 21:12:30 GMT" time="17.931" errors="0">
  <testcase name="LoginWithCorrectCredentials" time="17.931" classname="tests.Login"/>
</testsuite> <!-- tests.Login -->
