<?xml version="1.0" encoding="UTF-8"?>
<!-- Generated by org.testng.reporters.JUnitReportReporter -->
<testsuite hostname="siri-PC" name="eCommerceWebsite.tests.Tests" tests="1" failures="0" timestamp="22 Dec 2015 21:42:13 GMT" time="190.477" errors="0">
  <testcase name="verifyProductCost" time="190.477" classname="eCommerceWebsite.tests.Tests"/>
</testsuite> <!-- eCommerceWebsite.tests.Tests -->
