<?xml version="1.0" encoding="UTF-8"?>
<!-- Generated by org.testng.reporters.JUnitReportReporter -->
<testsuite hostname="siri-PC" name="guru99Project.tests.Login" tests="4" failures="0" timestamp="22 Dec 2015 19:31:59 GMT" time="35.738" errors="0">
  <testcase name="verifyLoginCredentialsUsingExcel" time="9.204" classname="guru99Project.tests.Login"/>
  <testcase name="verifyLoginCredentialsUsingExcel" time="8.761" classname="guru99Project.tests.Login"/>
  <testcase name="verifyLoginCredentialsUsingExcel" time="9.760" classname="guru99Project.tests.Login"/>
  <testcase name="verifyLoginCredentialsUsingExcel" time="8.013" classname="guru99Project.tests.Login"/>
</testsuite> <!-- guru99Project.tests.Login -->
